# JRE version: Java(TM) SE Runtime Environment (8.0_31-b13) (build 1.8.0_31-b13)
# Java VM: Java HotSpot(TM) 64-Bit Server VM (25.31-b07 mixed mode windows-amd64 compressed oops)
Heap:
 PSYoungGen      total 328192K, used 25037K [0x00000000eab00000, 0x0000000100000000, 0x0000000100000000)
  eden space 307712K, 8% used [0x00000000eab00000,0x00000000ec3736a8,0x00000000fd780000)
  from space 20480K, 0% used [0x00000000fd780000,0x00000000fd780000,0x00000000feb80000)
  to   space 20480K, 0% used [0x00000000fec00000,0x00000000fec00000,0x0000000100000000)
 ParOldGen       total 50688K, used 26334K [0x00000000c0000000, 0x00000000c3180000, 0x00000000eab00000)
  object space 50688K, 51% used [0x00000000c0000000,0x00000000c19b7980,0x00000000c3180000)
 Metaspace       used 58545K, capacity 59696K, committed 61056K, reserved 1101824K
  class space    used 7481K, capacity 7614K, committed 8064K, reserved 1048576K
GC Heap History (10 events):
Event: 3926.046 GC heap before
{Heap before GC invocations=27 (full 6):
 PSYoungGen      total 303104K, used 289280K [0x00000000eab00000, 0x00000000fea80000, 0x0000000100000000)
  eden space 289280K, 100% used [0x00000000eab00000,0x00000000fc580000,0x00000000fc580000)
  from space 13824K, 0% used [0x00000000fdd00000,0x00000000fdd00000,0x00000000fea80000)
  to   space 18944K, 0% used [0x00000000fc580000,0x00000000fc580000,0x00000000fd800000)
 ParOldGen       total 50688K, used 26352K [0x00000000c0000000, 0x00000000c3180000, 0x00000000eab00000)
  object space 50688K, 51% used [0x00000000c0000000,0x00000000c19bc100,0x00000000c3180000)
 Metaspace       used 58311K, capacity 59482K, committed 60416K, reserved 1101824K
  class space    used 7525K, capacity 7687K, committed 7936K, reserved 1048576K
Event: 3926.185 GC heap after
Heap after GC invocations=27 (full 6):
 PSYoungGen      total 308224K, used 16048K [0x00000000eab00000, 0x0000000100000000, 0x0000000100000000)
  eden space 289280K, 0% used [0x00000000eab00000,0x00000000eab00000,0x00000000fc580000)
  from space 18944K, 84% used [0x00000000fc580000,0x00000000fd52c010,0x00000000fd800000)
  to   space 20992K, 0% used [0x00000000feb80000,0x00000000feb80000,0x0000000100000000)
 ParOldGen       total 50688K, used 26360K [0x00000000c0000000, 0x00000000c3180000, 0x00000000eab00000)
  object space 50688K, 52% used [0x00000000c0000000,0x00000000c19be100,0x00000000c3180000)
 Metaspace       used 58311K, capacity 59482K, committed 60416K, reserved 1101824K
  class space    used 7525K, capacity 7687K, committed 7936K, reserved 1048576K
}
Event: 3926.617 GC heap before
{Heap before GC invocations=28 (full 6):
 PSYoungGen      total 308224K, used 29658K [0x00000000eab00000, 0x0000000100000000, 0x0000000100000000)
  eden space 289280K, 4% used [0x00000000eab00000,0x00000000eb84aaa0,0x00000000fc580000)
  from space 18944K, 84% used [0x00000000fc580000,0x00000000fd52c010,0x00000000fd800000)
  to   space 20992K, 0% used [0x00000000feb80000,0x00000000feb80000,0x0000000100000000)
 ParOldGen       total 50688K, used 26360K [0x00000000c0000000, 0x00000000c3180000, 0x00000000eab00000)
  object space 50688K, 52% used [0x00000000c0000000,0x00000000c19be100,0x00000000c3180000)
 Metaspace       used 58386K, capacity 59580K, committed 60416K, reserved 1101824K
  class space    used 7535K, capacity 7705K, committed 7936K, reserved 1048576K
Event: 3926.631 GC heap after
Heap after GC invocations=28 (full 6):
 PSYoungGen      total 328704K, used 10704K [0x00000000eab00000, 0x0000000100000000, 0x0000000100000000)
  eden space 307712K, 0% used [0x00000000eab00000,0x00000000eab00000,0x00000000fd780000)
  from space 20992K, 50% used [0x00000000feb80000,0x00000000ff5f4030,0x0000000100000000)
  to   space 20480K, 0% used [0x00000000fd780000,0x00000000fd780000,0x00000000feb80000)
 ParOldGen       total 50688K, used 26368K [0x00000000c0000000, 0x00000000c3180000, 0x00000000eab00000)
  object space 50688K, 52% used [0x00000000c0000000,0x00000000c19c0100,0x00000000c3180000)
 Metaspace       used 58386K, capacity 59580K, committed 60416K, reserved 1101824K
  class space    used 7535K, capacity 7705K, committed 7936K, reserved 1048576K
}
Event: 3926.631 GC heap before
{Heap before GC invocations=29 (full 7):
 PSYoungGen      total 328704K, used 10704K [0x00000000eab00000, 0x0000000100000000, 0x0000000100000000)
  eden space 307712K, 0% used [0x00000000eab00000,0x00000000eab00000,0x00000000fd780000)
  from space 20992K, 50% used [0x00000000feb80000,0x00000000ff5f4030,0x0000000100000000)
  to   space 20480K, 0% used [0x00000000fd780000,0x00000000fd780000,0x00000000feb80000)
 ParOldGen       total 50688K, used 26368K [0x00000000c0000000, 0x00000000c3180000, 0x00000000eab00000)
  object space 50688K, 52% used [0x00000000c0000000,0x00000000c19c0100,0x00000000c3180000)
 Metaspace       used 58386K, capacity 59580K, committed 60416K, reserved 1101824K
  class space    used 7535K, capacity 7705K, committed 7936K, reserved 1048576K
Event: 3926.962 GC heap after
Heap after GC invocations=29 (full 7):
 PSYoungGen      total 328704K, used 0K [0x00000000eab00000, 0x0000000100000000, 0x0000000100000000)
  eden space 307712K, 0% used [0x00000000eab00000,0x00000000eab00000,0x00000000fd780000)
  from space 20992K, 0% used [0x00000000feb80000,0x00000000feb80000,0x0000000100000000)
  to   space 20480K, 0% used [0x00000000fd780000,0x00000000fd780000,0x00000000feb80000)
 ParOldGen       total 50688K, used 35358K [0x00000000c0000000, 0x00000000c3180000, 0x00000000eab00000)
  object space 50688K, 69% used [0x00000000c0000000,0x00000000c2287880,0x00000000c3180000)
 Metaspace       used 58386K, capacity 59580K, committed 60416K, reserved 1101824K
  class space    used 7535K, capacity 7705K, committed 7936K, reserved 1048576K
}
Event: 5163.840 GC heap before
{Heap before GC invocations=30 (full 7):
 PSYoungGen      total 328704K, used 214052K [0x00000000eab00000, 0x0000000100000000, 0x0000000100000000)
  eden space 307712K, 69% used [0x00000000eab00000,0x00000000f7c09228,0x00000000fd780000)
  from space 20992K, 0% used [0x00000000feb80000,0x00000000feb80000,0x0000000100000000)
  to   space 20480K, 0% used [0x00000000fd780000,0x00000000fd780000,0x00000000feb80000)
 ParOldGen       total 50688K, used 35358K [0x00000000c0000000, 0x00000000c3180000, 0x00000000eab00000)
  object space 50688K, 69% used [0x00000000c0000000,0x00000000c2287880,0x00000000c3180000)
 Metaspace       used 58889K, capacity 60350K, committed 61056K, reserved 1101824K
  class space    used 7590K, capacity 7835K, committed 8064K, reserved 1048576K
Event: 5164.019 GC heap after
Heap after GC invocations=30 (full 7):
 PSYoungGen      total 328192K, used 2207K [0x00000000eab00000, 0x0000000100000000, 0x0000000100000000)
  eden space 307712K, 0% used [0x00000000eab00000,0x00000000eab00000,0x00000000fd780000)
  from space 20480K, 10% used [0x00000000fd780000,0x00000000fd9a7c50,0x00000000feb80000)
  to   space 20480K, 0% used [0x00000000fec00000,0x00000000fec00000,0x0000000100000000)
 ParOldGen       total 50688K, used 35366K [0x00000000c0000000, 0x00000000c3180000, 0x00000000eab00000)
  object space 50688K, 69% used [0x00000000c0000000,0x00000000c2289880,0x00000000c3180000)
 Metaspace       used 58889K, capacity 60350K, committed 61056K, reserved 1101824K
  class space    used 7590K, capacity 7835K, committed 8064K, reserved 1048576K
}
Event: 5164.019 GC heap before
{Heap before GC invocations=31 (full 8):
 PSYoungGen      total 328192K, used 2207K [0x00000000eab00000, 0x0000000100000000, 0x0000000100000000)
  eden space 307712K, 0% used [0x00000000eab00000,0x00000000eab00000,0x00000000fd780000)
  from space 20480K, 10% used [0x00000000fd780000,0x00000000fd9a7c50,0x00000000feb80000)
  to   space 20480K, 0% used [0x00000000fec00000,0x00000000fec00000,0x0000000100000000)
 ParOldGen       total 50688K, used 35366K [0x00000000c0000000, 0x00000000c3180000, 0x00000000eab00000)
  object space 50688K, 69% used [0x00000000c0000000,0x00000000c2289880,0x00000000c3180000)
 Metaspace       used 58889K, capacity 60350K, committed 61056K, reserved 1101824K
  class space    used 7590K, capacity 7835K, committed 8064K, reserved 1048576K
Event: 5164.419 GC heap after
Heap after GC invocations=31 (full 8):
 PSYoungGen      total 328192K, used 0K [0x00000000eab00000, 0x0000000100000000, 0x0000000100000000)
  eden space 307712K, 0% used [0x00000000eab00000,0x00000000eab00000,0x00000000fd780000)
  from space 20480K, 0% used [0x00000000fd780000,0x00000000fd780000,0x00000000feb80000)
  to   space 20480K, 0% used [0x00000000fec00000,0x00000000fec00000,0x0000000100000000)
 ParOldGen       total 50688K, used 26334K [0x00000000c0000000, 0x00000000c3180000, 0x00000000eab00000)
  object space 50688K, 51% used [0x00000000c0000000,0x00000000c19b7980,0x00000000c3180000)
 Metaspace       used 58366K, capacity 59380K, committed 61056K, reserved 1101824K
  class space    used 7456K, capacity 7570K, committed 8064K, reserved 1048576K
}

